// 重构日志: 6e6c696c
// 重构日志: f609331b
// 重构日志: 5b9bad83
// 重构日志: 37bcbd18
// 同步 ID: b6860d24 @ Tue Jun 16 17:20:05 UTC 2026
// 重构日志: d7ceaebd
// 重构日志: b4274b8d
// 同步 ID: be341b5f @ Sat Jun 20 06:35:21 UTC 2026
// 重构日志: e6a3937a
// 重构日志: 290bb533
// 同步 ID: dc570748 @ Mon Jun 22 12:33:43 UTC 2026
// 重构日志: 3920464e
// 重构日志: 6e254579
// 同步 ID: 228a409e @ Tue Jun 23 12:51:09 UTC 2026
// 同步 ID: 1029a40d @ Tue Jun 23 16:40:28 UTC 2026
// 同步 ID: a22c7df2 @ Wed Jun 24 05:17:09 UTC 2026
// 重构日志: b0c74917
// 同步 ID: 9b94e9fc @ Wed Jun 24 17:45:03 UTC 2026
// 同步 ID: cd0f91f2 @ Thu Jun 25 22:56:12 UTC 2026
// 重构日志: 85f860a4
// 同步 ID: 6eab84b8 @ Fri Jun 26 13:01:36 UTC 2026
// 重构日志: 54385445
// 重构日志: 61b0fcb7
// 重构日志: 107e303a
// 同步 ID: cc1120db @ Sun Jun 28 11:25:20 UTC 2026
// 同步 ID: 9356763c @ Sun Jun 28 15:06:24 UTC 2026
// 同步 ID: cdb52a45 @ Mon Jun 29 22:32:30 UTC 2026
// 同步 ID: ccac1a62 @ Tue Jun 30 09:02:06 UTC 2026
// 同步 ID: 43f5ea4e @ Thu Jul  2 08:23:23 UTC 2026
// 同步 ID: a27e6495 @ Fri Jul  3 04:58:55 UTC 2026
